c:\users\kayla\documents\cgtmasters\cmp502\2101726_cmp502_assmt2_kw\source\assignment2_graphics_sourcefiles\debug\assignment2_graphics.lib
c:\users\kayla\documents\cgtmasters\cmp502\2101726_cmp502_assmt2_kw\source\assignment2_graphics_sourcefiles\debug\assignment2_graphics.exp
c:\users\kayla\documents\cgtmasters\cmp502\2101726_cmp502_assmt2_kw\source\assignment2_graphics_sourcefiles\assignment2_graphics\debug\assignment2_graphics.pch
c:\users\kayla\documents\cgtmasters\cmp502\2101726_cmp502_assmt2_kw\source\assignment2_graphics_sourcefiles\assignment2_graphics\debug\vc142.pdb
c:\users\kayla\documents\cgtmasters\cmp502\2101726_cmp502_assmt2_kw\source\assignment2_graphics_sourcefiles\assignment2_graphics\debug\vc142.idb
c:\users\kayla\documents\cgtmasters\cmp502\2101726_cmp502_assmt2_kw\source\assignment2_graphics_sourcefiles\assignment2_graphics\debug\pch.obj
c:\users\kayla\documents\cgtmasters\cmp502\2101726_cmp502_assmt2_kw\source\assignment2_graphics_sourcefiles\assignment2_graphics\debug\skyboxeffect.obj
c:\users\kayla\documents\cgtmasters\cmp502\2101726_cmp502_assmt2_kw\source\assignment2_graphics_sourcefiles\assignment2_graphics\debug\shader.obj
c:\users\kayla\documents\cgtmasters\cmp502\2101726_cmp502_assmt2_kw\source\assignment2_graphics_sourcefiles\assignment2_graphics\debug\modelclass.obj
c:\users\kayla\documents\cgtmasters\cmp502\2101726_cmp502_assmt2_kw\source\assignment2_graphics_sourcefiles\assignment2_graphics\debug\main.obj
c:\users\kayla\documents\cgtmasters\cmp502\2101726_cmp502_assmt2_kw\source\assignment2_graphics_sourcefiles\assignment2_graphics\debug\light.obj
c:\users\kayla\documents\cgtmasters\cmp502\2101726_cmp502_assmt2_kw\source\assignment2_graphics_sourcefiles\assignment2_graphics\debug\game.obj
c:\users\kayla\documents\cgtmasters\cmp502\2101726_cmp502_assmt2_kw\source\assignment2_graphics_sourcefiles\assignment2_graphics\debug\deviceresources.obj
c:\users\kayla\documents\cgtmasters\cmp502\2101726_cmp502_assmt2_kw\source\assignment2_graphics_sourcefiles\debug\xapobaseredist.pdb
c:\users\kayla\documents\cgtmasters\cmp502\2101726_cmp502_assmt2_kw\source\assignment2_graphics_sourcefiles\debug\xaudio2_9redist.pdb
c:\users\kayla\documents\cgtmasters\cmp502\2101726_cmp502_assmt2_kw\source\assignment2_graphics_sourcefiles\debug\xaudio2_9redist.dll
c:\users\kayla\documents\cgtmasters\cmp502\2101726_cmp502_assmt2_kw\source\assignment2_graphics_sourcefiles\debug\light_ps.cso
c:\users\kayla\documents\cgtmasters\cmp502\2101726_cmp502_assmt2_kw\source\assignment2_graphics_sourcefiles\debug\light_vs.cso
c:\users\kayla\documents\cgtmasters\cmp502\2101726_cmp502_assmt2_kw\source\assignment2_graphics_sourcefiles\debug\skybox_ps.cso
c:\users\kayla\documents\cgtmasters\cmp502\2101726_cmp502_assmt2_kw\source\assignment2_graphics_sourcefiles\debug\skybox_vs.cso
c:\users\kayla\documents\cgtmasters\cmp502\2101726_cmp502_assmt2_kw\source\assignment2_graphics_sourcefiles\assignment2_graphics\debug\assignment2_graphics.ilk
c:\users\kayla\documents\cgtmasters\cmp502\2101726_cmp502_assmt2_kw\source\assignment2_graphics_sourcefiles\debug\assignment2_graphics.exe
c:\users\kayla\documents\cgtmasters\cmp502\2101726_cmp502_assmt2_kw\source\assignment2_graphics_sourcefiles\debug\assignment2_graphics.pdb
c:\users\kayla\documents\cgtmasters\cmp502\2101726_cmp502_assmt2_kw\source\assignment2_graphics_sourcefiles\assignment2_graphics\debug\resource.res
c:\users\kayla\documents\cgtmasters\cmp502\2101726_cmp502_assmt2_kw\source\assignment2_graphics_sourcefiles\assignment2_graphics\debug\assignment2_graphics.exe.embed.manifest.res
c:\users\kayla\documents\cgtmasters\cmp502\2101726_cmp502_assmt2_kw\source\assignment2_graphics_sourcefiles\assignment2_graphics\debug\assignment2_graphics.exe.embed.manifest
c:\users\kayla\documents\cgtmasters\cmp502\2101726_cmp502_assmt2_kw\source\assignment2_graphics_sourcefiles\assignment2_graphics\debug\assignment2_graphics_manifest.rc
c:\users\kayla\documents\cgtmasters\cmp502\2101726_cmp502_assmt2_kw\source\assignment2_graphics_sourcefiles\assignment2_graphics\debug\assignme.1aa27676.tlog\assignment2_graphics.write.1u.tlog
c:\users\kayla\documents\cgtmasters\cmp502\2101726_cmp502_assmt2_kw\source\assignment2_graphics_sourcefiles\assignment2_graphics\debug\assignme.1aa27676.tlog\cl.command.1.tlog
c:\users\kayla\documents\cgtmasters\cmp502\2101726_cmp502_assmt2_kw\source\assignment2_graphics_sourcefiles\assignment2_graphics\debug\assignme.1aa27676.tlog\cl.read.1.tlog
c:\users\kayla\documents\cgtmasters\cmp502\2101726_cmp502_assmt2_kw\source\assignment2_graphics_sourcefiles\assignment2_graphics\debug\assignme.1aa27676.tlog\cl.write.1.tlog
c:\users\kayla\documents\cgtmasters\cmp502\2101726_cmp502_assmt2_kw\source\assignment2_graphics_sourcefiles\assignment2_graphics\debug\assignme.1aa27676.tlog\copylocal.read.1u.tlog
c:\users\kayla\documents\cgtmasters\cmp502\2101726_cmp502_assmt2_kw\source\assignment2_graphics_sourcefiles\assignment2_graphics\debug\assignme.1aa27676.tlog\copylocal.write.1u.tlog
c:\users\kayla\documents\cgtmasters\cmp502\2101726_cmp502_assmt2_kw\source\assignment2_graphics_sourcefiles\assignment2_graphics\debug\assignme.1aa27676.tlog\fxc.command.1.tlog
c:\users\kayla\documents\cgtmasters\cmp502\2101726_cmp502_assmt2_kw\source\assignment2_graphics_sourcefiles\assignment2_graphics\debug\assignme.1aa27676.tlog\fxc.read.1.tlog
c:\users\kayla\documents\cgtmasters\cmp502\2101726_cmp502_assmt2_kw\source\assignment2_graphics_sourcefiles\assignment2_graphics\debug\assignme.1aa27676.tlog\fxc.write.1.tlog
c:\users\kayla\documents\cgtmasters\cmp502\2101726_cmp502_assmt2_kw\source\assignment2_graphics_sourcefiles\assignment2_graphics\debug\assignme.1aa27676.tlog\link.command.1.tlog
c:\users\kayla\documents\cgtmasters\cmp502\2101726_cmp502_assmt2_kw\source\assignment2_graphics_sourcefiles\assignment2_graphics\debug\assignme.1aa27676.tlog\link.read.1.tlog
c:\users\kayla\documents\cgtmasters\cmp502\2101726_cmp502_assmt2_kw\source\assignment2_graphics_sourcefiles\assignment2_graphics\debug\assignme.1aa27676.tlog\link.write.1.tlog
c:\users\kayla\documents\cgtmasters\cmp502\2101726_cmp502_assmt2_kw\source\assignment2_graphics_sourcefiles\assignment2_graphics\debug\assignme.1aa27676.tlog\rc.command.1.tlog
c:\users\kayla\documents\cgtmasters\cmp502\2101726_cmp502_assmt2_kw\source\assignment2_graphics_sourcefiles\assignment2_graphics\debug\assignme.1aa27676.tlog\rc.read.1.tlog
c:\users\kayla\documents\cgtmasters\cmp502\2101726_cmp502_assmt2_kw\source\assignment2_graphics_sourcefiles\assignment2_graphics\debug\assignme.1aa27676.tlog\rc.write.1.tlog
